
2024/01/30 (04:30:36) | ===> btop++ v.1.2.13
2024/01/30 (04:30:36) | ERROR: Hex value missing: #
2024/01/30 (04:30:36) | ERROR: Hex value missing: #
2024/01/30 (04:30:36) | ERROR: Hex value missing: #
2024/01/30 (04:30:36) | ERROR: Hex value missing: #
2024/01/30 (04:30:36) | ERROR: Hex value missing: #
2024/01/30 (04:30:36) | ERROR: Hex value missing: #
2024/01/30 (04:30:37) | ERROR: Hex value missing: #
2024/01/30 (04:30:37) | ERROR: Hex value missing: #
2024/01/30 (04:30:37) | ERROR: Hex value missing: #
2024/01/30 (04:30:37) | ERROR: Hex value missing: #
2024/01/30 (04:30:37) | ERROR: Hex value missing: #
2024/01/30 (04:30:37) | ERROR: Hex value missing: #
2024/01/30 (04:31:23) | INFO: Logger set to INFO
2024/01/30 (04:31:23) | INFO: Logger set to DEBUG
2024/01/30 (04:31:26) | DEBUG: Loading theme file: /usr/share/btop/themes/HotPurpleTrafficLight.theme
2024/01/30 (04:31:27) | DEBUG: Loading theme file: /usr/share/btop/themes/HotPurpleTrafficLight.theme

2024/01/30 (04:33:15) | ===> btop++ v.1.2.13
2024/01/30 (04:33:15) | INFO: Logger set to INFO
2024/01/30 (04:33:15) | INFO: Logger set to DEBUG
2024/01/30 (04:55:37) | DEBUG: Loading theme file: /usr/share/btop/themes/adapta.theme
2024/01/30 (04:55:37) | DEBUG: Loading theme file: /usr/share/btop/themes/HotPurpleTrafficLight.theme
2024/01/30 (04:55:37) | DEBUG: Loading theme file: /home/heimdal/.config/btop/themes/grimmstar.theme
2024/01/30 (04:55:38) | DEBUG: Loading theme file: /home/heimdal/.config/btop/themes/embark.theme
2024/01/30 (04:55:38) | DEBUG: Missing color value for "used_mid". Using value from default.
2024/01/30 (04:55:38) | DEBUG: Missing color value for "cpu_mid". Using value from default.
2024/01/30 (04:55:47) | DEBUG: Loading theme file: /home/heimdal/.config/btop/themes/material-palenight.theme
2024/01/30 (04:55:47) | ERROR: Hex value missing: #
2024/01/30 (04:55:47) | ERROR: Hex value missing: #
2024/01/30 (04:55:47) | ERROR: Hex value missing: #
2024/01/30 (04:55:47) | ERROR: Hex value missing: #
2024/01/30 (04:55:47) | ERROR: Hex value missing: #
2024/01/30 (04:55:47) | ERROR: Hex value missing: #
2024/01/30 (04:55:48) | DEBUG: Loading theme file: /home/heimdal/.config/btop/themes/material-ocean.theme
2024/01/30 (04:55:48) | ERROR: Hex value missing: #
2024/01/30 (04:55:48) | ERROR: Hex value missing: #
2024/01/30 (04:55:48) | ERROR: Hex value missing: #
2024/01/30 (04:55:48) | ERROR: Hex value missing: #
2024/01/30 (04:55:48) | ERROR: Hex value missing: #
2024/01/30 (04:55:48) | ERROR: Hex value missing: #
2024/01/30 (04:55:48) | DEBUG: Loading theme file: /home/heimdal/.config/btop/themes/HotPurpleTrafficLight.theme
2024/01/30 (04:55:55) | DEBUG: Loading theme file: /home/heimdal/.config/btop/themes/adapta.theme
2024/01/30 (04:55:56) | DEBUG: Loading theme file: /home/heimdal/.config/btop/themes/ayu.theme
2024/01/30 (04:55:56) | DEBUG: Loading theme file: /home/heimdal/.config/btop/themes/default_black.theme
2024/01/30 (04:55:57) | DEBUG: Loading theme file: /home/heimdal/.config/btop/themes/dracula.theme
2024/01/30 (04:56:06) | DEBUG: Loading theme file: /home/heimdal/.config/btop/themes/dusklight.theme
2024/01/30 (06:02:53) | DEBUG: Writing new config file
2024/01/30 (06:02:53) | INFO: Quitting! Runtime: 01:30:12

2024/01/30 (16:58:56) | ===> btop++ v.1.2.13
2024/01/30 (16:58:56) | INFO: Logger set to DEBUG
2024/01/30 (16:58:56) | DEBUG: Using locale en_US.UTF-8
2024/01/30 (16:58:56) | INFO: Running on /dev/pts/0
2024/01/30 (16:58:56) | DEBUG: Loading theme file: /home/heimdal/.config/btop/themes/tokyo-storm.theme
2024/01/30 (16:59:20) | INFO: Quitting! Runtime: 00:00:24

2024/01/30 (16:59:59) | ===> btop++ v.1.2.13
2024/01/30 (16:59:59) | INFO: Logger set to DEBUG
2024/01/30 (16:59:59) | DEBUG: Using locale en_US.UTF-8
2024/01/30 (16:59:59) | INFO: Running on /dev/pts/0
2024/01/30 (17:00:00) | DEBUG: Loading theme file: /home/heimdal/.config/btop/themes/night-owl.theme
2024/01/30 (17:00:02) | INFO: Quitting! Runtime: 00:00:03

2024/01/30 (17:00:20) | ===> btop++ v.1.2.13
2024/01/30 (17:00:20) | INFO: Logger set to DEBUG
2024/01/30 (17:00:20) | DEBUG: Using locale en_US.UTF-8
2024/01/30 (17:00:20) | INFO: Running on /dev/pts/0
2024/01/30 (17:00:20) | DEBUG: Loading theme file: /home/heimdal/.config/btop/themes/HotPurpleTrafficLight.theme
2024/01/30 (17:00:58) | INFO: Quitting! Runtime: 00:00:38

2024/02/16 (22:47:25) | ===> btop++ v.1.3.0
2024/02/16 (22:47:25) | INFO: Logger set to DEBUG
2024/02/16 (22:47:25) | DEBUG: Using locale en_US.UTF-8
2024/02/16 (22:47:25) | INFO: Running on /dev/pts/5
2024/02/16 (22:47:25) | INFO: Failed to load librocm_smi64.so, AMD GPUs will not be detected: librocm_smi64.so.1.0: cannot open shared object file: No such file or directory
2024/02/16 (22:47:25) | DEBUG: Shared::init() : Initialized.
2024/02/16 (22:47:25) | DEBUG: Loading theme file: /home/heimdal/.config/btop/themes/HotPurpleTrafficLight.theme
2024/02/16 (22:47:31) | DEBUG: Writing new config file
2024/02/16 (22:47:31) | INFO: Quitting! Runtime: 00:00:06

2024/02/16 (22:48:32) | ===> btop++ v.1.3.0
2024/02/16 (22:48:32) | INFO: Logger set to DEBUG
2024/02/16 (22:48:32) | DEBUG: Using locale en_US.UTF-8
2024/02/16 (22:48:32) | INFO: Running on /dev/pts/6
2024/02/16 (22:48:32) | INFO: Failed to load librocm_smi64.so, AMD GPUs will not be detected: librocm_smi64.so.1.0: cannot open shared object file: No such file or directory
2024/02/16 (22:48:32) | DEBUG: Shared::init() : Initialized.
2024/02/16 (22:48:32) | DEBUG: Loading theme file: /home/heimdal/.config/btop/themes/tokyo-storm.theme
2024/02/16 (22:48:37) | INFO: Quitting! Runtime: 00:00:05

2024/02/16 (22:48:45) | ===> btop++ v.1.3.0
2024/02/16 (22:48:45) | INFO: Logger set to DEBUG
2024/02/16 (22:48:45) | DEBUG: Using locale en_US.UTF-8
2024/02/16 (22:48:45) | INFO: Running on /dev/pts/6
2024/02/16 (22:48:45) | INFO: Failed to load librocm_smi64.so, AMD GPUs will not be detected: librocm_smi64.so.1.0: cannot open shared object file: No such file or directory
2024/02/16 (22:48:45) | DEBUG: Shared::init() : Initialized.
2024/02/16 (22:48:45) | DEBUG: Loading theme file: /home/heimdal/.config/btop/themes/tokyo-storm.theme
2024/02/16 (22:48:57) | DEBUG: Loading theme file: /home/heimdal/.config/btop/themes/tokyo-night.theme
2024/02/16 (22:48:58) | DEBUG: Loading theme file: /home/heimdal/.config/btop/themes/solarized_dark.theme
2024/02/16 (22:48:59) | DEBUG: Loading theme file: /home/heimdal/.config/btop/themes/tokyo-night.theme
2024/02/16 (22:49:07) | DEBUG: Loading theme file: /home/heimdal/.config/btop/themes/solarized_dark.theme
2024/02/16 (22:49:08) | DEBUG: Loading theme file: /home/heimdal/.config/btop/themes/onedark.theme
2024/02/16 (22:49:09) | DEBUG: Loading theme file: /home/heimdal/.config/btop/themes/nord.theme
2024/02/16 (22:49:10) | DEBUG: Loading theme file: /home/heimdal/.config/btop/themes/night-owl.theme
2024/02/16 (22:49:18) | DEBUG: Loading theme file: /home/heimdal/.config/btop/themes/monokai.theme
2024/02/16 (22:49:19) | DEBUG: Loading theme file: /home/heimdal/.config/btop/themes/matcha-dark-sea.theme
2024/02/16 (22:49:27) | DEBUG: Loading theme file: /home/heimdal/.config/btop/themes/kyli0x.theme
2024/02/16 (22:49:36) | DEBUG: Loading theme file: /home/heimdal/.config/btop/themes/gruvbox_material_dark.theme
2024/02/16 (22:49:39) | DEBUG: Loading theme file: /home/heimdal/.config/btop/themes/gruvbox_dark_v2.theme
2024/02/16 (22:49:44) | DEBUG: Loading theme file: /home/heimdal/.config/btop/themes/gruvbox_dark.theme
2024/02/16 (22:49:45) | DEBUG: Loading theme file: /home/heimdal/.config/btop/themes/greyscale.theme
2024/02/16 (22:49:47) | DEBUG: Loading theme file: /home/heimdal/.config/btop/themes/flat-remix.theme
2024/02/16 (22:49:48) | DEBUG: Loading theme file: /home/heimdal/.config/btop/themes/flat-remix-light.theme
2024/02/16 (22:49:49) | DEBUG: Loading theme file: /home/heimdal/.config/btop/themes/flat-remix.theme
2024/02/16 (22:50:15) | DEBUG: Writing new config file
2024/02/16 (22:50:15) | INFO: Quitting! Runtime: 00:01:30

2024/02/16 (22:50:20) | ===> btop++ v.1.3.0
2024/02/16 (22:50:20) | INFO: Logger set to DEBUG
2024/02/16 (22:50:20) | DEBUG: Using locale en_US.UTF-8
2024/02/16 (22:50:20) | INFO: Running on /dev/pts/5
2024/02/16 (22:50:20) | INFO: Failed to load librocm_smi64.so, AMD GPUs will not be detected: librocm_smi64.so.1.0: cannot open shared object file: No such file or directory
2024/02/16 (22:50:20) | DEBUG: Shared::init() : Initialized.
2024/02/16 (22:50:20) | DEBUG: Loading theme file: /home/heimdal/.config/btop/themes/flat-remix.theme
2024/02/16 (22:50:30) | INFO: Quitting! Runtime: 00:00:10

2024/02/16 (22:52:00) | ===> btop++ v.1.3.0
2024/02/16 (22:52:00) | INFO: Logger set to DEBUG
2024/02/16 (22:52:00) | DEBUG: Using locale en_US.UTF-8
2024/02/16 (22:52:00) | INFO: Running on /dev/pts/3
2024/02/16 (22:52:00) | INFO: Failed to load librocm_smi64.so, AMD GPUs will not be detected: librocm_smi64.so.1.0: cannot open shared object file: No such file or directory
2024/02/16 (22:52:00) | DEBUG: Shared::init() : Initialized.
2024/02/16 (22:52:00) | DEBUG: Loading theme file: /home/heimdal/.config/btop/themes/flat-remix.theme
2024/02/16 (23:09:20) | INFO: Quitting! Runtime: 00:17:20

2024/02/17 (14:07:14) | ===> btop++ v.1.3.2
2024/02/17 (14:07:14) | INFO: Logger set to DEBUG
2024/02/17 (14:07:14) | DEBUG: Using locale en_US.UTF-8
2024/02/17 (14:07:14) | INFO: Running on /dev/pts/2
2024/02/17 (14:07:14) | INFO: Failed to load librocm_smi64.so, AMD GPUs will not be detected: librocm_smi64.so.6: cannot open shared object file: No such file or directory
2024/02/17 (14:07:14) | DEBUG: Shared::init() : Initialized.
2024/02/17 (14:07:14) | DEBUG: Loading theme file: /home/heimdal/.config/btop/themes/flat-remix.theme
2024/02/17 (14:16:25) | DEBUG: Writing new config file
2024/02/17 (14:16:25) | INFO: Quitting! Runtime: 00:09:11

2024/02/17 (14:21:54) | ===> btop++ v.1.3.2
2024/02/17 (14:21:54) | INFO: Logger set to DEBUG
2024/02/17 (14:21:54) | DEBUG: Using locale en_US.UTF-8
2024/02/17 (14:21:54) | INFO: Running on /dev/pts/0
2024/02/17 (14:21:54) | INFO: Failed to load librocm_smi64.so, AMD GPUs will not be detected: librocm_smi64.so.6: cannot open shared object file: No such file or directory
2024/02/17 (14:21:54) | DEBUG: Shared::init() : Initialized.
2024/02/17 (14:21:54) | DEBUG: Loading theme file: /home/heimdal/.config/btop/themes/flat-remix.theme
2024/02/17 (15:09:36) | INFO: Quitting! Runtime: 00:47:42

2024/02/23 (18:39:46) | ===> btop++ v.1.3.2
2024/02/23 (18:39:46) | INFO: Logger set to DEBUG
2024/02/23 (18:39:46) | DEBUG: Using locale en_US.UTF-8
2024/02/23 (18:39:46) | INFO: Running on /dev/pts/4
2024/02/23 (18:39:46) | INFO: Failed to load librocm_smi64.so, AMD GPUs will not be detected: librocm_smi64.so.6: cannot open shared object file: No such file or directory
2024/02/23 (18:39:46) | DEBUG: Shared::init() : Initialized.
2024/02/23 (18:39:46) | DEBUG: Loading theme file: /home/heimdal/.config/btop/themes/flat-remix.theme
2024/02/23 (18:40:13) | INFO: Quitting! Runtime: 00:00:27

2024/02/26 (10:50:02) | ===> btop++ v.1.3.2
2024/02/26 (10:50:02) | INFO: Logger set to DEBUG
2024/02/26 (10:50:03) | DEBUG: Using locale en_US.UTF-8
2024/02/26 (10:50:03) | INFO: Running on /dev/pts/6
2024/02/26 (10:50:06) | INFO: Failed to load librocm_smi64.so, AMD GPUs will not be detected: librocm_smi64.so.6: cannot open shared object file: No such file or directory
2024/02/26 (10:50:06) | DEBUG: Shared::init() : Initialized.
2024/02/26 (10:50:13) | DEBUG: Loading theme file: /home/heimdal/.config/btop/themes/flat-remix.theme
2024/02/26 (10:52:41) | ERROR: Stall in Runner thread, restarting!

2024/02/26 (16:54:21) | ===> btop++ v.1.3.2
2024/02/26 (16:54:21) | INFO: Logger set to DEBUG
2024/02/26 (16:54:21) | DEBUG: Using locale en_US.UTF-8
2024/02/26 (16:54:21) | INFO: Running on /dev/pts/2
2024/02/26 (16:54:22) | INFO: Failed to load librocm_smi64.so, AMD GPUs will not be detected: librocm_smi64.so.6: cannot open shared object file: No such file or directory
2024/02/26 (16:54:22) | DEBUG: Shared::init() : Initialized.
2024/02/26 (16:54:22) | DEBUG: Loading theme file: /home/heimdal/.config/btop/themes/flat-remix.theme
2024/02/26 (17:08:12) | INFO: Quitting! Runtime: 00:13:51

2024/02/27 (04:06:35) | ===> btop++ v.1.3.2
2024/02/27 (04:06:35) | INFO: Logger set to DEBUG
2024/02/27 (04:06:36) | DEBUG: Using locale en_US.UTF-8
2024/02/27 (04:06:36) | INFO: Running on /dev/pts/6
2024/02/27 (04:06:36) | INFO: Failed to load librocm_smi64.so, AMD GPUs will not be detected: librocm_smi64.so.6: cannot open shared object file: No such file or directory
2024/02/27 (04:06:36) | DEBUG: Shared::init() : Initialized.
2024/02/27 (04:06:36) | DEBUG: Loading theme file: /home/heimdal/.config/btop/themes/flat-remix.theme
2024/02/27 (04:07:15) | INFO: Quitting! Runtime: 00:00:40

2024/03/05 (23:04:18) | ===> btop++ v.1.3.2
2024/03/05 (23:04:18) | INFO: Logger set to DEBUG
2024/03/05 (23:04:18) | DEBUG: Using locale en_US.UTF-8
2024/03/05 (23:04:18) | INFO: Running on /dev/pts/0
2024/03/05 (23:04:18) | INFO: Failed to load librocm_smi64.so, AMD GPUs will not be detected: librocm_smi64.so.6: cannot open shared object file: No such file or directory
2024/03/05 (23:04:18) | DEBUG: Shared::init() : Initialized.
2024/03/05 (23:04:18) | DEBUG: Loading theme file: /home/heimdal/.config/btop/themes/flat-remix.theme
2024/03/06 (01:42:52) | DEBUG: Writing new config file
2024/03/06 (01:42:52) | INFO: Quitting! Runtime: 02:38:34

2024/03/16 (02:07:31) | ===> btop++ v.1.3.2
2024/03/16 (02:07:31) | INFO: Logger set to DEBUG
2024/03/16 (02:07:31) | DEBUG: Using locale en_US.UTF-8
2024/03/16 (02:07:31) | INFO: Running on /dev/pts/1
2024/03/16 (02:07:31) | INFO: Failed to load librocm_smi64.so, AMD GPUs will not be detected: librocm_smi64.so.6: cannot open shared object file: No such file or directory
2024/03/16 (02:07:31) | DEBUG: Shared::init() : Initialized.
2024/03/16 (02:07:33) | DEBUG: Loading theme file: /home/heimdal/.config/btop/themes/flat-remix.theme
2024/03/16 (02:09:30) | INFO: Quitting! Runtime: 00:01:59

2024/03/16 (23:13:35) | ===> btop++ v.1.3.2
2024/03/16 (23:13:35) | INFO: Logger set to DEBUG
2024/03/16 (23:13:35) | DEBUG: Using locale en_US.UTF-8
2024/03/16 (23:13:35) | INFO: Running on /dev/pts/1
2024/03/16 (23:13:35) | INFO: Failed to load librocm_smi64.so, AMD GPUs will not be detected: librocm_smi64.so.6: cannot open shared object file: No such file or directory
2024/03/16 (23:13:35) | DEBUG: Shared::init() : Initialized.
2024/03/16 (23:13:35) | DEBUG: Loading theme file: /home/heimdal/.config/btop/themes/flat-remix.theme
2024/03/16 (23:13:46) | DEBUG: Loading theme file: /home/heimdal/.config/btop/themes/flat-remix-light.theme
2024/03/16 (23:13:47) | DEBUG: Loading theme file: /home/heimdal/.config/btop/themes/dusklight.theme
2024/03/16 (23:13:48) | DEBUG: Loading theme file: /home/heimdal/.config/btop/themes/dracula.theme
2024/03/16 (23:13:50) | DEBUG: Loading theme file: /home/heimdal/.config/btop/themes/default_black.theme
2024/03/16 (23:13:51) | DEBUG: Loading theme file: /home/heimdal/.config/btop/themes/ayu.theme
2024/03/16 (23:13:51) | DEBUG: Loading theme file: /home/heimdal/.config/btop/themes/adapta.theme
2024/03/16 (23:13:53) | DEBUG: Loading theme file: /home/heimdal/.config/btop/themes/HotPurpleTrafficLight.theme
2024/03/16 (23:13:54) | DEBUG: Loading theme file: /home/heimdal/.config/btop/themes/material-ocean.theme
2024/03/16 (23:13:54) | ERROR: Hex value missing: #
2024/03/16 (23:13:54) | ERROR: Hex value missing: #
2024/03/16 (23:13:54) | ERROR: Hex value missing: #
2024/03/16 (23:13:54) | ERROR: Hex value missing: #
2024/03/16 (23:13:54) | ERROR: Hex value missing: #
2024/03/16 (23:13:54) | ERROR: Hex value missing: #
2024/03/16 (23:13:55) | DEBUG: Loading theme file: /home/heimdal/.config/btop/themes/material-palenight.theme
2024/03/16 (23:13:55) | ERROR: Hex value missing: #
2024/03/16 (23:13:55) | ERROR: Hex value missing: #
2024/03/16 (23:13:55) | ERROR: Hex value missing: #
2024/03/16 (23:13:55) | ERROR: Hex value missing: #
2024/03/16 (23:13:55) | ERROR: Hex value missing: #
2024/03/16 (23:13:55) | ERROR: Hex value missing: #
2024/03/16 (23:13:56) | DEBUG: Loading theme file: /home/heimdal/.config/btop/themes/embark.theme
2024/03/16 (23:13:56) | DEBUG: Missing color value for "used_mid". Using value from default.
2024/03/16 (23:13:56) | DEBUG: Missing color value for "cpu_mid". Using value from default.
2024/03/16 (23:13:57) | DEBUG: Loading theme file: /home/heimdal/.config/btop/themes/grimmstar.theme
2024/03/16 (23:13:59) | DEBUG: Loading theme file: /home/heimdal/.config/btop/themes/embark.theme
2024/03/16 (23:13:59) | DEBUG: Missing color value for "used_mid". Using value from default.
2024/03/16 (23:13:59) | DEBUG: Missing color value for "cpu_mid". Using value from default.
2024/03/16 (23:13:59) | DEBUG: Loading theme file: /home/heimdal/.config/btop/themes/material-palenight.theme
2024/03/16 (23:13:59) | ERROR: Hex value missing: #
2024/03/16 (23:13:59) | ERROR: Hex value missing: #
2024/03/16 (23:13:59) | ERROR: Hex value missing: #
2024/03/16 (23:13:59) | ERROR: Hex value missing: #
2024/03/16 (23:13:59) | ERROR: Hex value missing: #
2024/03/16 (23:13:59) | ERROR: Hex value missing: #
2024/03/16 (23:14:00) | DEBUG: Loading theme file: /home/heimdal/.config/btop/themes/material-ocean.theme
2024/03/16 (23:14:00) | ERROR: Hex value missing: #
2024/03/16 (23:14:00) | ERROR: Hex value missing: #
2024/03/16 (23:14:00) | ERROR: Hex value missing: #
2024/03/16 (23:14:00) | ERROR: Hex value missing: #
2024/03/16 (23:14:00) | ERROR: Hex value missing: #
2024/03/16 (23:14:00) | ERROR: Hex value missing: #
2024/03/16 (23:14:01) | DEBUG: Loading theme file: /home/heimdal/.config/btop/themes/material-palenight.theme
2024/03/16 (23:14:01) | ERROR: Hex value missing: #
2024/03/16 (23:14:01) | ERROR: Hex value missing: #
2024/03/16 (23:14:01) | ERROR: Hex value missing: #
2024/03/16 (23:14:01) | ERROR: Hex value missing: #
2024/03/16 (23:14:01) | ERROR: Hex value missing: #
2024/03/16 (23:14:01) | ERROR: Hex value missing: #
2024/03/16 (23:14:02) | DEBUG: Loading theme file: /home/heimdal/.config/btop/themes/embark.theme
2024/03/16 (23:14:02) | DEBUG: Missing color value for "used_mid". Using value from default.
2024/03/16 (23:14:02) | DEBUG: Missing color value for "cpu_mid". Using value from default.
2024/03/16 (23:14:02) | DEBUG: Loading theme file: /home/heimdal/.config/btop/themes/material-palenight.theme
2024/03/16 (23:14:02) | ERROR: Hex value missing: #
2024/03/16 (23:14:02) | ERROR: Hex value missing: #
2024/03/16 (23:14:02) | ERROR: Hex value missing: #
2024/03/16 (23:14:02) | ERROR: Hex value missing: #
2024/03/16 (23:14:02) | ERROR: Hex value missing: #
2024/03/16 (23:14:02) | ERROR: Hex value missing: #
2024/03/16 (23:14:03) | DEBUG: Loading theme file: /home/heimdal/.config/btop/themes/embark.theme
2024/03/16 (23:14:03) | DEBUG: Missing color value for "used_mid". Using value from default.
2024/03/16 (23:14:03) | DEBUG: Missing color value for "cpu_mid". Using value from default.
2024/03/16 (23:14:04) | DEBUG: Loading theme file: /home/heimdal/.config/btop/themes/material-palenight.theme
2024/03/16 (23:14:04) | ERROR: Hex value missing: #
2024/03/16 (23:14:04) | ERROR: Hex value missing: #
2024/03/16 (23:14:04) | ERROR: Hex value missing: #
2024/03/16 (23:14:04) | ERROR: Hex value missing: #
2024/03/16 (23:14:04) | ERROR: Hex value missing: #
2024/03/16 (23:14:04) | ERROR: Hex value missing: #
2024/03/16 (23:14:04) | DEBUG: Loading theme file: /home/heimdal/.config/btop/themes/embark.theme
2024/03/16 (23:14:04) | DEBUG: Missing color value for "used_mid". Using value from default.
2024/03/16 (23:14:04) | DEBUG: Missing color value for "cpu_mid". Using value from default.
2024/03/16 (23:14:05) | DEBUG: Loading theme file: /home/heimdal/.config/btop/themes/grimmstar.theme
2024/03/16 (23:14:06) | DEBUG: Loading theme file: /usr/share/btop/themes/HotPurpleTrafficLight.theme
2024/03/16 (23:14:07) | DEBUG: Loading theme file: /usr/share/btop/themes/adapta.theme
2024/03/16 (23:14:08) | DEBUG: Loading theme file: /usr/share/btop/themes/adwaita.theme
2024/03/16 (23:14:09) | DEBUG: Loading theme file: /usr/share/btop/themes/ayu.theme
2024/03/16 (23:14:09) | DEBUG: Loading theme file: /usr/share/btop/themes/dracula.theme
2024/03/16 (23:14:10) | DEBUG: Loading theme file: /usr/share/btop/themes/dusklight.theme
2024/03/16 (23:14:10) | DEBUG: Loading theme file: /usr/share/btop/themes/elementarish.theme
2024/03/16 (23:14:11) | DEBUG: Loading theme file: /usr/share/btop/themes/everforest-dark-hard.theme
2024/03/16 (23:14:11) | DEBUG: Loading theme file: /usr/share/btop/themes/everforest-dark-medium.theme
2024/03/16 (23:14:12) | DEBUG: Loading theme file: /usr/share/btop/themes/everforest-dark-hard.theme
2024/03/16 (23:14:13) | DEBUG: Loading theme file: /usr/share/btop/themes/elementarish.theme
2024/03/16 (23:14:14) | DEBUG: Loading theme file: /usr/share/btop/themes/everforest-dark-hard.theme
2024/03/16 (23:14:15) | DEBUG: Loading theme file: /usr/share/btop/themes/everforest-dark-medium.theme
2024/03/16 (23:14:15) | DEBUG: Loading theme file: /usr/share/btop/themes/flat-remix-light.theme
2024/03/16 (23:14:16) | DEBUG: Loading theme file: /usr/share/btop/themes/flat-remix.theme
2024/03/16 (23:14:16) | DEBUG: Loading theme file: /usr/share/btop/themes/greyscale.theme
2024/03/16 (23:14:17) | DEBUG: Loading theme file: /usr/share/btop/themes/gruvbox_dark.theme
2024/03/16 (23:14:17) | DEBUG: Loading theme file: /usr/share/btop/themes/gruvbox_dark_v2.theme
2024/03/16 (23:14:17) | DEBUG: Loading theme file: /usr/share/btop/themes/gruvbox_material_dark.theme
2024/03/16 (23:14:18) | DEBUG: Loading theme file: /usr/share/btop/themes/horizon.theme
2024/03/16 (23:14:19) | DEBUG: Loading theme file: /usr/share/btop/themes/kyli0x.theme
2024/03/16 (23:14:21) | DEBUG: Loading theme file: /usr/share/btop/themes/matcha-dark-sea.theme
2024/03/16 (23:14:22) | DEBUG: Loading theme file: /usr/share/btop/themes/kyli0x.theme
2024/03/16 (23:14:24) | DEBUG: Loading theme file: /usr/share/btop/themes/horizon.theme
2024/03/16 (23:14:34) | DEBUG: Loading theme file: /usr/share/btop/themes/kyli0x.theme
2024/03/16 (23:14:39) | DEBUG: Loading theme file: /usr/share/btop/themes/matcha-dark-sea.theme
2024/03/16 (23:14:45) | DEBUG: Loading theme file: /usr/share/btop/themes/monokai.theme
2024/03/16 (23:14:46) | DEBUG: Loading theme file: /usr/share/btop/themes/night-owl.theme
2024/03/16 (23:14:54) | DEBUG: Loading theme file: /usr/share/btop/themes/nord.theme
2024/03/16 (23:14:55) | DEBUG: Loading theme file: /usr/share/btop/themes/onedark.theme
2024/03/16 (23:14:55) | DEBUG: Loading theme file: /usr/share/btop/themes/paper.theme
2024/03/16 (23:14:56) | DEBUG: Loading theme file: /usr/share/btop/themes/solarized_dark.theme
2024/03/16 (23:14:56) | DEBUG: Loading theme file: /usr/share/btop/themes/solarized_light.theme
2024/03/16 (23:14:57) | DEBUG: Loading theme file: /usr/share/btop/themes/tokyo-night.theme
2024/03/16 (23:14:57) | DEBUG: Loading theme file: /usr/share/btop/themes/tokyo-storm.theme
2024/03/16 (23:15:02) | DEBUG: Loading theme file: /usr/share/btop/themes/tomorrow-night.theme
2024/03/16 (23:15:07) | DEBUG: Loading theme file: /usr/share/btop/themes/whiteout.theme
2024/03/16 (23:15:09) | DEBUG: Loading theme file: /home/heimdal/.config/btop/themes/everforest-dark-hard.theme
2024/03/16 (23:15:09) | DEBUG: Loading theme file: /home/heimdal/.config/btop/themes/catppuccin_frappe.theme
2024/03/16 (23:15:10) | DEBUG: Loading theme file: /home/heimdal/.config/btop/themes/catppuccin_latte.theme
2024/03/16 (23:15:11) | DEBUG: Loading theme file: /home/heimdal/.config/btop/themes/catppuccin_frappe.theme
2024/03/16 (23:15:14) | DEBUG: Loading theme file: /home/heimdal/.config/btop/themes/catppuccin_latte.theme
2024/03/16 (23:15:15) | DEBUG: Loading theme file: /home/heimdal/.config/btop/themes/catppuccin_macchiato.theme
2024/03/16 (23:15:15) | DEBUG: Loading theme file: /home/heimdal/.config/btop/themes/catppuccin_mocha.theme
2024/03/16 (23:15:16) | DEBUG: Loading theme file: /home/heimdal/.config/btop/themes/rose-pine-dawn.theme
2024/03/16 (23:15:16) | DEBUG: Loading theme file: /home/heimdal/.config/btop/themes/rose-pine-moon.theme
2024/03/16 (23:15:17) | DEBUG: Loading theme file: /home/heimdal/.config/btop/themes/rose-pine.theme
2024/03/16 (23:15:17) | DEBUG: Loading theme file: /home/heimdal/.config/btop/themes/rose-pine-moon.theme
2024/03/16 (23:15:28) | DEBUG: Loading theme file: /home/heimdal/.config/btop/themes/rose-pine-moon.theme
2024/03/16 (23:15:36) | DEBUG: Loading theme file: /home/heimdal/.config/btop/themes/rose-pine-dawn.theme
2024/03/16 (23:15:36) | DEBUG: Loading theme file: /home/heimdal/.config/btop/themes/catppuccin_mocha.theme
2024/03/16 (23:15:38) | DEBUG: Loading theme file: /home/heimdal/.config/btop/themes/rose-pine-dawn.theme
2024/03/16 (23:15:39) | DEBUG: Loading theme file: /home/heimdal/.config/btop/themes/rose-pine-moon.theme
2024/03/16 (23:18:18) | INFO: Logger set to INFO
2024/03/16 (23:18:41) | INFO: Logger set to DEBUG
2024/03/16 (23:18:47) | INFO: Logger set to INFO
2024/03/16 (23:18:48) | INFO: Logger set to DEBUG
2024/03/16 (23:18:50) | INFO: Logger set to INFO
2024/03/16 (23:18:51) | INFO: Logger set to INFO
2024/03/16 (23:18:52) | INFO: Logger set to DEBUG
2024/03/16 (23:18:55) | DEBUG: Loading theme file: /home/heimdal/.config/btop/themes/whiteout.theme
2024/03/16 (23:18:56) | DEBUG: Loading theme file: /home/heimdal/.config/btop/themes/rose-pine.theme
2024/03/16 (23:29:46) | DEBUG: Writing new config file
2024/03/16 (23:29:46) | INFO: Quitting! Runtime: 00:16:11

2024/03/16 (23:29:48) | ===> btop++ v.1.3.2
2024/03/16 (23:29:48) | INFO: Logger set to DEBUG
2024/03/16 (23:29:48) | DEBUG: Using locale en_US.UTF-8
2024/03/16 (23:29:48) | INFO: Running on /dev/pts/1
2024/03/16 (23:29:49) | INFO: Failed to load librocm_smi64.so, AMD GPUs will not be detected: librocm_smi64.so.6: cannot open shared object file: No such file or directory
2024/03/16 (23:29:49) | DEBUG: Shared::init() : Initialized.
2024/03/16 (23:29:49) | DEBUG: Loading theme file: /home/heimdal/.config/btop/themes/rose-pine.theme
2024/03/16 (23:29:58) | INFO: Quitting! Runtime: 00:00:10

2024/03/17 (09:22:01) | ===> btop++ v.1.3.2
2024/03/17 (09:22:01) | INFO: Logger set to DEBUG
2024/03/17 (09:22:01) | DEBUG: Using locale en_US.UTF-8
2024/03/17 (09:22:01) | INFO: Running on /dev/pts/1
2024/03/17 (09:22:01) | INFO: Failed to load librocm_smi64.so, AMD GPUs will not be detected: librocm_smi64.so.6: cannot open shared object file: No such file or directory
2024/03/17 (09:22:01) | DEBUG: Shared::init() : Initialized.
2024/03/17 (09:22:01) | DEBUG: Loading theme file: /home/heimdal/.config/btop/themes/rose-pine.theme
2024/03/17 (09:24:13) | INFO: Quitting! Runtime: 00:02:12

2024/03/17 (13:37:33) | ===> btop++ v.1.3.2
2024/03/17 (13:37:33) | INFO: Logger set to DEBUG
2024/03/17 (13:37:33) | DEBUG: Using locale en_US.UTF-8
2024/03/17 (13:37:33) | INFO: Running on /dev/pts/0
2024/03/17 (13:37:33) | INFO: Failed to load librocm_smi64.so, AMD GPUs will not be detected: librocm_smi64.so.6: cannot open shared object file: No such file or directory
2024/03/17 (13:37:33) | DEBUG: Shared::init() : Initialized.
2024/03/17 (13:37:34) | DEBUG: Loading theme file: /home/heimdal/.config/btop/themes/rose-pine.theme
2024/03/17 (13:38:29) | INFO: Quitting! Runtime: 00:00:56

2024/03/19 (13:11:50) | ===> btop++ v.1.3.2
2024/03/19 (13:11:50) | INFO: Logger set to DEBUG
2024/03/19 (13:11:50) | DEBUG: Using locale en_US.UTF-8
2024/03/19 (13:11:50) | INFO: Running on /dev/pts/1
2024/03/19 (13:11:50) | INFO: Failed to load librocm_smi64.so, AMD GPUs will not be detected: librocm_smi64.so.6: cannot open shared object file: No such file or directory
2024/03/19 (13:11:50) | DEBUG: Shared::init() : Initialized.
2024/03/19 (13:11:50) | DEBUG: Loading theme file: /home/heimdal/.config/btop/themes/rose-pine.theme
2024/03/19 (13:12:07) | INFO: Quitting! Runtime: 00:00:17
